Run 0: {Accuracy: 1.00, Precision: 1.00, Recall: 1.00}
Run 1: {Accuracy: 1.00, Precision: 1.00, Recall: 1.00}
Run 2: {Accuracy: 1.00, Precision: 1.00, Recall: 1.00}
Run 3: {Accuracy: 1.00, Precision: 1.00, Recall: 1.00}
Run 4: {Accuracy: 1.00, Precision: 1.00, Recall: 1.00}
Run 5: {Accuracy: 0.67, Precision: 0.00, Recall: NaN}
Run 6: {Accuracy: 1.00, Precision: 1.00, Recall: 1.00}
Run 7: {Accuracy: 1.00, Precision: 1.00, Recall: 1.00}
Run 8: {Accuracy: 1.00, Precision: 1.00, Recall: 1.00}
Run 9: {Accuracy: 1.00, Precision: 1.00, Recall: 1.00}
----------------9/10----------------

Run 10: {Accuracy: 1.00, Precision: NaN, Recall: NaN}
Run 11: {Accuracy: 1.00, Precision: 1.00, Recall: 1.00}
Run 12: {Accuracy: 1.00, Precision: 1.00, Recall: 1.00}
Run 13: {Accuracy: 1.00, Precision: NaN, Recall: NaN}
Run 14: {Accuracy: 1.00, Precision: 1.00, Recall: 1.00}
Run 15: {Accuracy: 1.00, Precision: NaN, Recall: NaN}
Run 16: {Accuracy: 1.00, Precision: 1.00, Recall: 1.00}
Run 17: {Accuracy: 1.00, Precision: 1.00, Recall: 1.00}
Run 18: {Accuracy: 1.00, Precision: 1.00, Recall: 1.00}
Run 19: {Accuracy: 1.00, Precision: 1.00, Recall: 1.00}
----------------19/20----------------

Run 20: {Accuracy: 1.00, Precision: 1.00, Recall: 1.00}
Run 21: {Accuracy: 1.00, Precision: 1.00, Recall: 1.00}
Run 22: {Accuracy: 1.00, Precision: 1.00, Recall: 1.00}
Run 23: {Accuracy: 1.00, Precision: 1.00, Recall: 1.00}
Run 24: {Accuracy: 1.00, Precision: 1.00, Recall: 1.00}
Run 25: {Accuracy: 1.00, Precision: 1.00, Recall: 1.00}
Run 26: {Accuracy: 1.00, Precision: 1.00, Recall: 1.00}
Run 27: {Accuracy: 1.00, Precision: NaN, Recall: NaN}
Run 28: {Accuracy: 1.00, Precision: 1.00, Recall: 1.00}
Run 29: {Accuracy: 1.00, Precision: 1.00, Recall: 1.00}
----------------29/30----------------

Run 30: {Accuracy: 1.00, Precision: NaN, Recall: NaN}
Run 31: {Accuracy: 1.00, Precision: NaN, Recall: NaN}
Run 32: {Accuracy: 1.00, Precision: 1.00, Recall: 1.00}
Run 33: {Accuracy: 1.00, Precision: 1.00, Recall: 1.00}
Run 34: {Accuracy: 1.00, Precision: 1.00, Recall: 1.00}
Run 35: {Accuracy: 1.00, Precision: 1.00, Recall: 1.00}
Run 36: {Accuracy: 1.00, Precision: 1.00, Recall: 1.00}
Run 37: {Accuracy: 1.00, Precision: 1.00, Recall: 1.00}
Run 38: {Accuracy: 1.00, Precision: 1.00, Recall: 1.00}
Run 39: {Accuracy: 1.00, Precision: NaN, Recall: NaN}
----------------39/40----------------

Run 40: {Accuracy: 1.00, Precision: 1.00, Recall: 1.00}
Run 41: {Accuracy: 1.00, Precision: 1.00, Recall: 1.00}
Run 42: {Accuracy: 1.00, Precision: 1.00, Recall: 1.00}
Run 43: {Accuracy: 1.00, Precision: 1.00, Recall: 1.00}
Run 44: {Accuracy: 1.00, Precision: NaN, Recall: NaN}
Run 45: {Accuracy: 1.00, Precision: NaN, Recall: NaN}
Run 46: {Accuracy: 1.00, Precision: 1.00, Recall: 1.00}
Run 47: {Accuracy: 1.00, Precision: 1.00, Recall: 1.00}
Run 48: {Accuracy: 1.00, Precision: 1.00, Recall: 1.00}
Run 49: {Accuracy: 1.00, Precision: 1.00, Recall: 1.00}
----------------49/50----------------

Run 50: {Accuracy: 1.00, Precision: 1.00, Recall: 1.00}
Run 51: {Accuracy: 0.75, Precision: 0.00, Recall: NaN}
Run 52: {Accuracy: 1.00, Precision: 1.00, Recall: 1.00}
Run 53: {Accuracy: 1.00, Precision: 1.00, Recall: 1.00}
Run 54: {Accuracy: 1.00, Precision: 1.00, Recall: 1.00}
Run 55: {Accuracy: 1.00, Precision: NaN, Recall: NaN}
Run 56: {Accuracy: 1.00, Precision: NaN, Recall: NaN}
Run 57: {Accuracy: 1.00, Precision: 1.00, Recall: 1.00}
Run 58: {Accuracy: 1.00, Precision: 1.00, Recall: 1.00}
Run 59: {Accuracy: 1.00, Precision: 1.00, Recall: 1.00}
----------------58/60----------------

Run 60: {Accuracy: 0.80, Precision: NaN, Recall: 0.00}
Run 61: {Accuracy: 1.00, Precision: 1.00, Recall: 1.00}
Run 62: {Accuracy: 1.00, Precision: 1.00, Recall: 1.00}
Run 63: {Accuracy: 1.00, Precision: 1.00, Recall: 1.00}
Run 64: {Accuracy: 1.00, Precision: 1.00, Recall: 1.00}
Run 65: {Accuracy: 1.00, Precision: 1.00, Recall: 1.00}
Run 66: {Accuracy: 1.00, Precision: 1.00, Recall: 1.00}
Run 67: {Accuracy: 1.00, Precision: NaN, Recall: NaN}
Run 68: {Accuracy: 1.00, Precision: 1.00, Recall: 1.00}
Run 69: {Accuracy: 1.00, Precision: 1.00, Recall: 1.00}
----------------67/70----------------

Run 70: {Accuracy: 1.00, Precision: 1.00, Recall: 1.00}
Run 71: {Accuracy: 1.00, Precision: 1.00, Recall: 1.00}
Run 72: {Accuracy: 1.00, Precision: 1.00, Recall: 1.00}
Run 73: {Accuracy: 1.00, Precision: 1.00, Recall: 1.00}
Run 74: {Accuracy: 1.00, Precision: 1.00, Recall: 1.00}
Run 75: {Accuracy: 1.00, Precision: NaN, Recall: NaN}
Run 76: {Accuracy: 1.00, Precision: NaN, Recall: NaN}
Run 77: {Accuracy: 1.00, Precision: 1.00, Recall: 1.00}
Run 78: {Accuracy: 1.00, Precision: 1.00, Recall: 1.00}
Run 79: {Accuracy: 1.00, Precision: NaN, Recall: NaN}
----------------77/80----------------

Run 80: {Accuracy: 1.00, Precision: 1.00, Recall: 1.00}
Run 81: {Accuracy: 1.00, Precision: 1.00, Recall: 1.00}
Run 82: {Accuracy: 1.00, Precision: 1.00, Recall: 1.00}
Run 83: {Accuracy: 1.00, Precision: NaN, Recall: NaN}
Run 84: {Accuracy: 1.00, Precision: 1.00, Recall: 1.00}
Run 85: {Accuracy: 1.00, Precision: 1.00, Recall: 1.00}
Run 86: {Accuracy: 1.00, Precision: 1.00, Recall: 1.00}
Run 87: {Accuracy: 1.00, Precision: 1.00, Recall: 1.00}
Run 88: {Accuracy: 1.00, Precision: NaN, Recall: NaN}
Run 89: {Accuracy: 1.00, Precision: 1.00, Recall: 1.00}
----------------87/90----------------

Run 90: {Accuracy: 1.00, Precision: NaN, Recall: NaN}
Run 91: {Accuracy: 1.00, Precision: 1.00, Recall: 1.00}
Run 92: {Accuracy: 1.00, Precision: NaN, Recall: NaN}
Run 93: {Accuracy: 1.00, Precision: 1.00, Recall: 1.00}
Run 94: {Accuracy: 1.00, Precision: 1.00, Recall: 1.00}
Run 95: {Accuracy: 1.00, Precision: NaN, Recall: NaN}
Run 96: {Accuracy: 1.00, Precision: 1.00, Recall: 1.00}
Run 97: {Accuracy: 1.00, Precision: 1.00, Recall: 1.00}
Run 98: {Accuracy: 1.00, Precision: 1.00, Recall: 1.00}
Run 99: {Accuracy: 1.00, Precision: NaN, Recall: NaN}
----------------97/100----------------

Run 100: {Accuracy: 1.00, Precision: 1.00, Recall: 1.00}
Run 101: {Accuracy: 1.00, Precision: 1.00, Recall: 1.00}
Run 102: {Accuracy: 1.00, Precision: 1.00, Recall: 1.00}
Run 103: {Accuracy: 1.00, Precision: 1.00, Recall: 1.00}
Run 104: {Accuracy: 1.00, Precision: 1.00, Recall: 1.00}
Run 105: {Accuracy: 1.00, Precision: 1.00, Recall: 1.00}
Run 106: {Accuracy: 1.00, Precision: 1.00, Recall: 1.00}
Run 107: {Accuracy: 1.00, Precision: 1.00, Recall: 1.00}
Run 108: {Accuracy: 1.00, Precision: 1.00, Recall: 1.00}
Run 109: {Accuracy: 1.00, Precision: NaN, Recall: NaN}
----------------107/110----------------

Run 110: {Accuracy: 1.00, Precision: 1.00, Recall: 1.00}
Run 111: {Accuracy: 1.00, Precision: 1.00, Recall: 1.00}
Run 112: {Accuracy: 1.00, Precision: 1.00, Recall: 1.00}
Run 113: {Accuracy: 1.00, Precision: NaN, Recall: NaN}
Run 114: {Accuracy: 1.00, Precision: 1.00, Recall: 1.00}
Run 115: {Accuracy: 1.00, Precision: 1.00, Recall: 1.00}
Run 116: {Accuracy: 1.00, Precision: 1.00, Recall: 1.00}
Run 117: {Accuracy: 1.00, Precision: 1.00, Recall: 1.00}
Run 118: {Accuracy: 1.00, Precision: 1.00, Recall: 1.00}
Run 119: {Accuracy: 1.00, Precision: 1.00, Recall: 1.00}
----------------117/120----------------

Run 120: {Accuracy: 1.00, Precision: NaN, Recall: NaN}
Run 121: {Accuracy: 1.00, Precision: NaN, Recall: NaN}
Run 122: {Accuracy: 1.00, Precision: NaN, Recall: NaN}
Run 123: {Accuracy: 1.00, Precision: NaN, Recall: NaN}
Run 124: {Accuracy: 1.00, Precision: 1.00, Recall: 1.00}
Run 125: {Accuracy: 1.00, Precision: 1.00, Recall: 1.00}
Run 126: {Accuracy: 1.00, Precision: 1.00, Recall: 1.00}
Run 127: {Accuracy: 1.00, Precision: 1.00, Recall: 1.00}
Run 128: {Accuracy: 1.00, Precision: 1.00, Recall: 1.00}
Run 129: {Accuracy: 1.00, Precision: 1.00, Recall: 1.00}
----------------127/130----------------

Run 130: {Accuracy: 1.00, Precision: 1.00, Recall: 1.00}
Run 131: {Accuracy: 1.00, Precision: 1.00, Recall: 1.00}
Run 132: {Accuracy: 1.00, Precision: NaN, Recall: NaN}
Run 133: {Accuracy: 1.00, Precision: 1.00, Recall: 1.00}
Run 134: {Accuracy: 1.00, Precision: 1.00, Recall: 1.00}
Run 135: {Accuracy: 1.00, Precision: 1.00, Recall: 1.00}
Run 136: {Accuracy: 1.00, Precision: NaN, Recall: NaN}
Run 137: {Accuracy: 1.00, Precision: 1.00, Recall: 1.00}
Run 138: {Accuracy: 1.00, Precision: NaN, Recall: NaN}
Run 139: {Accuracy: 1.00, Precision: 1.00, Recall: 1.00}
----------------137/140----------------

Run 140: {Accuracy: 1.00, Precision: 1.00, Recall: 1.00}
Run 141: {Accuracy: 1.00, Precision: NaN, Recall: NaN}
Run 142: {Accuracy: 1.00, Precision: NaN, Recall: NaN}
Run 143: {Accuracy: 1.00, Precision: NaN, Recall: NaN}
Run 144: {Accuracy: 1.00, Precision: 1.00, Recall: 1.00}
Run 145: {Accuracy: 1.00, Precision: NaN, Recall: NaN}
Run 146: {Accuracy: 1.00, Precision: 1.00, Recall: 1.00}
Run 147: {Accuracy: 1.00, Precision: NaN, Recall: NaN}
Run 148: {Accuracy: 1.00, Precision: NaN, Recall: NaN}
Run 149: {Accuracy: 1.00, Precision: 1.00, Recall: 1.00}
----------------147/150----------------

Run 150: {Accuracy: 1.00, Precision: 1.00, Recall: 1.00}
Run 151: {Accuracy: 1.00, Precision: 1.00, Recall: 1.00}
Run 152: {Accuracy: 1.00, Precision: 1.00, Recall: 1.00}
Run 153: {Accuracy: 1.00, Precision: 1.00, Recall: 1.00}
Run 154: {Accuracy: 1.00, Precision: 1.00, Recall: 1.00}
Run 155: {Accuracy: 1.00, Precision: NaN, Recall: NaN}
Run 156: {Accuracy: 1.00, Precision: NaN, Recall: NaN}
Run 157: {Accuracy: 1.00, Precision: 1.00, Recall: 1.00}
Run 158: {Accuracy: 1.00, Precision: NaN, Recall: NaN}
Run 159: {Accuracy: 1.00, Precision: 1.00, Recall: 1.00}
----------------157/160----------------

Run 160: {Accuracy: 1.00, Precision: 1.00, Recall: 1.00}
Run 161: {Accuracy: 1.00, Precision: 1.00, Recall: 1.00}
Run 162: {Accuracy: 1.00, Precision: 1.00, Recall: 1.00}
Run 163: {Accuracy: 1.00, Precision: 1.00, Recall: 1.00}
Run 164: {Accuracy: 1.00, Precision: NaN, Recall: NaN}
Run 165: {Accuracy: 1.00, Precision: NaN, Recall: NaN}
Run 166: {Accuracy: 1.00, Precision: NaN, Recall: NaN}
Run 167: {Accuracy: 1.00, Precision: 1.00, Recall: 1.00}
Run 168: {Accuracy: 1.00, Precision: 1.00, Recall: 1.00}
Run 169: {Accuracy: 1.00, Precision: 1.00, Recall: 1.00}
----------------167/170----------------

Run 170: {Accuracy: 1.00, Precision: 1.00, Recall: 1.00}
Run 171: {Accuracy: 1.00, Precision: NaN, Recall: NaN}
Run 172: {Accuracy: 1.00, Precision: 1.00, Recall: 1.00}
Run 173: {Accuracy: 1.00, Precision: 1.00, Recall: 1.00}
Run 174: {Accuracy: 1.00, Precision: 1.00, Recall: 1.00}
Run 175: {Accuracy: 1.00, Precision: 1.00, Recall: 1.00}
Run 176: {Accuracy: 1.00, Precision: 1.00, Recall: 1.00}
Run 177: {Accuracy: 1.00, Precision: 1.00, Recall: 1.00}
Run 178: {Accuracy: 1.00, Precision: 1.00, Recall: 1.00}
Run 179: {Accuracy: 1.00, Precision: NaN, Recall: NaN}
----------------177/180----------------

Run 180: {Accuracy: 1.00, Precision: 1.00, Recall: 1.00}
Run 181: {Accuracy: 1.00, Precision: 1.00, Recall: 1.00}
Run 182: {Accuracy: 1.00, Precision: 1.00, Recall: 1.00}
Run 183: {Accuracy: 1.00, Precision: 1.00, Recall: 1.00}
Run 184: {Accuracy: 1.00, Precision: 1.00, Recall: 1.00}
Run 185: {Accuracy: 1.00, Precision: NaN, Recall: NaN}
Run 186: {Accuracy: 1.00, Precision: NaN, Recall: NaN}
Run 187: {Accuracy: 1.00, Precision: 1.00, Recall: 1.00}
Run 188: {Accuracy: 0.67, Precision: NaN, Recall: 0.00}
Run 189: {Accuracy: 1.00, Precision: NaN, Recall: NaN}
----------------186/190----------------

Run 190: {Accuracy: 1.00, Precision: 1.00, Recall: 1.00}
Run 191: {Accuracy: 1.00, Precision: 1.00, Recall: 1.00}
Run 192: {Accuracy: 1.00, Precision: 1.00, Recall: 1.00}
Run 193: {Accuracy: 1.00, Precision: 1.00, Recall: 1.00}
Run 194: {Accuracy: 1.00, Precision: NaN, Recall: NaN}
Run 195: {Accuracy: 1.00, Precision: 1.00, Recall: 1.00}
Run 196: {Accuracy: 1.00, Precision: 1.00, Recall: 1.00}
Run 197: {Accuracy: 1.00, Precision: 1.00, Recall: 1.00}
Run 198: {Accuracy: 1.00, Precision: NaN, Recall: NaN}
Run 199: {Accuracy: 1.00, Precision: NaN, Recall: NaN}
----------------196/200----------------

Run 200: {Accuracy: 1.00, Precision: 1.00, Recall: 1.00}
Run 201: {Accuracy: 1.00, Precision: 1.00, Recall: 1.00}
Run 202: {Accuracy: 1.00, Precision: 1.00, Recall: 1.00}
Run 203: {Accuracy: 1.00, Precision: 1.00, Recall: 1.00}
Run 204: {Accuracy: 1.00, Precision: NaN, Recall: NaN}
Run 205: {Accuracy: 1.00, Precision: 1.00, Recall: 1.00}
Run 206: {Accuracy: 1.00, Precision: 1.00, Recall: 1.00}
Run 207: {Accuracy: 1.00, Precision: NaN, Recall: NaN}
Run 208: {Accuracy: 1.00, Precision: NaN, Recall: NaN}
Run 209: {Accuracy: 1.00, Precision: 1.00, Recall: 1.00}
----------------206/210----------------

Run 210: {Accuracy: 1.00, Precision: 1.00, Recall: 1.00}
Run 211: {Accuracy: 1.00, Precision: 1.00, Recall: 1.00}
Run 212: {Accuracy: 1.00, Precision: 1.00, Recall: 1.00}
Run 213: {Accuracy: 1.00, Precision: 1.00, Recall: 1.00}
Run 214: {Accuracy: 1.00, Precision: 1.00, Recall: 1.00}
Run 215: {Accuracy: 0.67, Precision: 0.00, Recall: NaN}
Run 216: {Accuracy: 1.00, Precision: NaN, Recall: NaN}
Run 217: {Accuracy: 1.00, Precision: NaN, Recall: NaN}
Run 218: {Accuracy: 1.00, Precision: 1.00, Recall: 1.00}
Run 219: {Accuracy: 1.00, Precision: NaN, Recall: NaN}
----------------215/220----------------

Run 220: {Accuracy: 1.00, Precision: 1.00, Recall: 1.00}
Run 221: {Accuracy: 1.00, Precision: 1.00, Recall: 1.00}
Run 222: {Accuracy: 1.00, Precision: 1.00, Recall: 1.00}
Run 223: {Accuracy: 1.00, Precision: 1.00, Recall: 1.00}
Run 224: {Accuracy: 1.00, Precision: 1.00, Recall: 1.00}
Run 225: {Accuracy: 1.00, Precision: 1.00, Recall: 1.00}
Run 226: {Accuracy: 1.00, Precision: NaN, Recall: NaN}
Run 227: {Accuracy: 1.00, Precision: NaN, Recall: NaN}
Run 228: {Accuracy: 1.00, Precision: 1.00, Recall: 1.00}
Run 229: {Accuracy: 1.00, Precision: 1.00, Recall: 1.00}
----------------225/230----------------

Run 230: {Accuracy: 1.00, Precision: 1.00, Recall: 1.00}
Run 231: {Accuracy: 1.00, Precision: 1.00, Recall: 1.00}
Run 232: {Accuracy: 1.00, Precision: NaN, Recall: NaN}
Run 233: {Accuracy: 1.00, Precision: NaN, Recall: NaN}
Run 234: {Accuracy: 1.00, Precision: NaN, Recall: NaN}
Run 235: {Accuracy: 1.00, Precision: NaN, Recall: NaN}
Run 236: {Accuracy: 1.00, Precision: 1.00, Recall: 1.00}
Run 237: {Accuracy: 1.00, Precision: 1.00, Recall: 1.00}
Run 238: {Accuracy: 1.00, Precision: 1.00, Recall: 1.00}
Run 239: {Accuracy: 1.00, Precision: NaN, Recall: NaN}
----------------235/240----------------

Run 240: {Accuracy: 1.00, Precision: NaN, Recall: NaN}
Run 241: {Accuracy: 1.00, Precision: 1.00, Recall: 1.00}
Run 242: {Accuracy: 1.00, Precision: NaN, Recall: NaN}
Run 243: {Accuracy: 1.00, Precision: 1.00, Recall: 1.00}
Run 244: {Accuracy: 1.00, Precision: 1.00, Recall: 1.00}
Run 245: {Accuracy: 1.00, Precision: 1.00, Recall: 1.00}
Run 246: {Accuracy: 1.00, Precision: 1.00, Recall: 1.00}
Run 247: {Accuracy: 1.00, Precision: 1.00, Recall: 1.00}
Run 248: {Accuracy: 1.00, Precision: 1.00, Recall: 1.00}
Run 249: {Accuracy: 1.00, Precision: NaN, Recall: NaN}
----------------245/250----------------

Run 250: {Accuracy: 1.00, Precision: 1.00, Recall: 1.00}
Run 251: {Accuracy: 1.00, Precision: 1.00, Recall: 1.00}
Run 252: {Accuracy: 1.00, Precision: 1.00, Recall: 1.00}
Run 253: {Accuracy: 1.00, Precision: 1.00, Recall: 1.00}
Run 254: {Accuracy: 1.00, Precision: 1.00, Recall: 1.00}
Run 255: {Accuracy: 1.00, Precision: 1.00, Recall: 1.00}
Run 256: {Accuracy: 1.00, Precision: 1.00, Recall: 1.00}
Run 257: {Accuracy: 1.00, Precision: 1.00, Recall: 1.00}
Run 258: {Accuracy: 1.00, Precision: 1.00, Recall: 1.00}
Run 259: {Accuracy: 1.00, Precision: 1.00, Recall: 1.00}
----------------255/260----------------

Run 260: {Accuracy: 1.00, Precision: 1.00, Recall: 1.00}
Run 261: {Accuracy: 1.00, Precision: NaN, Recall: NaN}
Run 262: {Accuracy: 1.00, Precision: 1.00, Recall: 1.00}
Run 263: {Accuracy: 1.00, Precision: 1.00, Recall: 1.00}
Run 264: {Accuracy: 1.00, Precision: 1.00, Recall: 1.00}
Run 265: {Accuracy: 1.00, Precision: 1.00, Recall: 1.00}
Run 266: {Accuracy: 1.00, Precision: 1.00, Recall: 1.00}
Run 267: {Accuracy: 1.00, Precision: 1.00, Recall: 1.00}
Run 268: {Accuracy: 1.00, Precision: 1.00, Recall: 1.00}
Run 269: {Accuracy: 1.00, Precision: 1.00, Recall: 1.00}
----------------265/270----------------

Run 270: {Accuracy: 1.00, Precision: NaN, Recall: NaN}
Run 271: {Accuracy: 1.00, Precision: NaN, Recall: NaN}
Run 272: {Accuracy: 1.00, Precision: 1.00, Recall: 1.00}
Run 273: {Accuracy: 1.00, Precision: 1.00, Recall: 1.00}
Run 274: {Accuracy: 1.00, Precision: 1.00, Recall: 1.00}
Run 275: {Accuracy: 1.00, Precision: NaN, Recall: NaN}
Run 276: {Accuracy: 1.00, Precision: NaN, Recall: NaN}
Run 277: {Accuracy: 1.00, Precision: 1.00, Recall: 1.00}
Run 278: {Accuracy: 1.00, Precision: 1.00, Recall: 1.00}
Run 279: {Accuracy: 1.00, Precision: NaN, Recall: NaN}
----------------275/280----------------

Run 280: {Accuracy: 1.00, Precision: 1.00, Recall: 1.00}
Run 281: {Accuracy: 1.00, Precision: 1.00, Recall: 1.00}
Run 282: {Accuracy: 1.00, Precision: 1.00, Recall: 1.00}
Run 283: {Accuracy: 1.00, Precision: 1.00, Recall: 1.00}
Run 284: {Accuracy: 1.00, Precision: NaN, Recall: NaN}
Run 285: {Accuracy: 1.00, Precision: 1.00, Recall: 1.00}
Run 286: {Accuracy: 1.00, Precision: 1.00, Recall: 1.00}
Run 287: {Accuracy: 1.00, Precision: 1.00, Recall: 1.00}
Run 288: {Accuracy: 1.00, Precision: NaN, Recall: NaN}
Run 289: {Accuracy: 1.00, Precision: NaN, Recall: NaN}
----------------285/290----------------

Run 290: {Accuracy: 1.00, Precision: NaN, Recall: NaN}
Run 291: {Accuracy: 1.00, Precision: 1.00, Recall: 1.00}
Run 292: {Accuracy: 0.80, Precision: 0.50, Recall: 1.00}
Run 293: {Accuracy: 1.00, Precision: 1.00, Recall: 1.00}
Run 294: {Accuracy: 1.00, Precision: 1.00, Recall: 1.00}
Run 295: {Accuracy: 1.00, Precision: NaN, Recall: NaN}
Run 296: {Accuracy: 0.67, Precision: 0.00, Recall: NaN}
Run 297: {Accuracy: 1.00, Precision: 1.00, Recall: 1.00}
Run 298: {Accuracy: 1.00, Precision: 1.00, Recall: 1.00}
Run 299: {Accuracy: 1.00, Precision: 1.00, Recall: 1.00}
----------------293/300----------------

Run 300: {Accuracy: 1.00, Precision: NaN, Recall: NaN}
Run 301: {Accuracy: 1.00, Precision: 1.00, Recall: 1.00}
Run 302: {Accuracy: 1.00, Precision: NaN, Recall: NaN}
Run 303: {Accuracy: 1.00, Precision: 1.00, Recall: 1.00}
Run 304: {Accuracy: 1.00, Precision: 1.00, Recall: 1.00}
Run 305: {Accuracy: 1.00, Precision: 1.00, Recall: 1.00}
Run 306: {Accuracy: 1.00, Precision: 1.00, Recall: 1.00}
Run 307: {Accuracy: 1.00, Precision: 1.00, Recall: 1.00}
Run 308: {Accuracy: 1.00, Precision: 1.00, Recall: 1.00}
Run 309: {Accuracy: 1.00, Precision: 1.00, Recall: 1.00}
----------------303/310----------------

Run 310: {Accuracy: 1.00, Precision: 1.00, Recall: 1.00}
Run 311: {Accuracy: 1.00, Precision: 1.00, Recall: 1.00}
Run 312: {Accuracy: 1.00, Precision: NaN, Recall: NaN}
Run 313: {Accuracy: 1.00, Precision: 1.00, Recall: 1.00}
Run 314: {Accuracy: 1.00, Precision: 1.00, Recall: 1.00}
Run 315: {Accuracy: 1.00, Precision: 1.00, Recall: 1.00}
Run 316: {Accuracy: 1.00, Precision: 1.00, Recall: 1.00}
Run 317: {Accuracy: 1.00, Precision: 1.00, Recall: 1.00}
Run 318: {Accuracy: 1.00, Precision: 1.00, Recall: 1.00}
Run 319: {Accuracy: 1.00, Precision: 1.00, Recall: 1.00}
----------------313/320----------------

Run 320: {Accuracy: 1.00, Precision: 1.00, Recall: 1.00}
Run 321: {Accuracy: 1.00, Precision: 1.00, Recall: 1.00}
Run 322: {Accuracy: 1.00, Precision: 1.00, Recall: 1.00}
Run 323: {Accuracy: 1.00, Precision: 1.00, Recall: 1.00}
Run 324: {Accuracy: 1.00, Precision: 1.00, Recall: 1.00}
Run 325: {Accuracy: 1.00, Precision: 1.00, Recall: 1.00}
Run 326: {Accuracy: 1.00, Precision: 1.00, Recall: 1.00}
Run 327: {Accuracy: 1.00, Precision: 1.00, Recall: 1.00}
Run 328: {Accuracy: 1.00, Precision: 1.00, Recall: 1.00}
Run 329: {Accuracy: 1.00, Precision: 1.00, Recall: 1.00}
----------------323/330----------------

Run 330: {Accuracy: 1.00, Precision: NaN, Recall: NaN}
Run 331: {Accuracy: 1.00, Precision: 1.00, Recall: 1.00}
Run 332: {Accuracy: 1.00, Precision: 1.00, Recall: 1.00}
Run 333: {Accuracy: 1.00, Precision: 1.00, Recall: 1.00}
Run 334: {Accuracy: 1.00, Precision: NaN, Recall: NaN}
Run 335: {Accuracy: 1.00, Precision: 1.00, Recall: 1.00}
Run 336: {Accuracy: 1.00, Precision: NaN, Recall: NaN}
Run 337: {Accuracy: 1.00, Precision: 1.00, Recall: 1.00}
Run 338: {Accuracy: 0.80, Precision: 0.50, Recall: 1.00}
Run 339: {Accuracy: 1.00, Precision: 1.00, Recall: 1.00}
----------------332/340----------------

Run 340: {Accuracy: 1.00, Precision: 1.00, Recall: 1.00}
Run 341: {Accuracy: 1.00, Precision: 1.00, Recall: 1.00}
Run 342: {Accuracy: 1.00, Precision: NaN, Recall: NaN}
Run 343: {Accuracy: 1.00, Precision: 1.00, Recall: 1.00}
Run 344: {Accuracy: 1.00, Precision: 1.00, Recall: 1.00}
Run 345: {Accuracy: 1.00, Precision: 1.00, Recall: 1.00}
Run 346: {Accuracy: 1.00, Precision: 1.00, Recall: 1.00}
Run 347: {Accuracy: 1.00, Precision: 1.00, Recall: 1.00}
Run 348: {Accuracy: 1.00, Precision: 1.00, Recall: 1.00}
Run 349: {Accuracy: 1.00, Precision: 1.00, Recall: 1.00}
----------------342/350----------------

Run 350: {Accuracy: 1.00, Precision: NaN, Recall: NaN}
Run 351: {Accuracy: 1.00, Precision: NaN, Recall: NaN}
Run 352: {Accuracy: 1.00, Precision: 1.00, Recall: 1.00}
Run 353: {Accuracy: 1.00, Precision: 1.00, Recall: 1.00}
Run 354: {Accuracy: 1.00, Precision: NaN, Recall: NaN}
Run 355: {Accuracy: 1.00, Precision: NaN, Recall: NaN}
Run 356: {Accuracy: 1.00, Precision: 1.00, Recall: 1.00}
Run 357: {Accuracy: 1.00, Precision: 1.00, Recall: 1.00}
Run 358: {Accuracy: 1.00, Precision: 1.00, Recall: 1.00}
Run 359: {Accuracy: 1.00, Precision: 1.00, Recall: 1.00}
----------------352/360----------------

Run 360: {Accuracy: 1.00, Precision: 1.00, Recall: 1.00}
Run 361: {Accuracy: 1.00, Precision: 1.00, Recall: 1.00}
Run 362: {Accuracy: 1.00, Precision: 1.00, Recall: 1.00}
Run 363: {Accuracy: 1.00, Precision: 1.00, Recall: 1.00}
Run 364: {Accuracy: 1.00, Precision: 1.00, Recall: 1.00}
Run 365: {Accuracy: 1.00, Precision: NaN, Recall: NaN}
Run 366: {Accuracy: 1.00, Precision: 1.00, Recall: 1.00}
Run 367: {Accuracy: 1.00, Precision: 1.00, Recall: 1.00}
Run 368: {Accuracy: 1.00, Precision: 1.00, Recall: 1.00}
Run 369: {Accuracy: 1.00, Precision: 1.00, Recall: 1.00}
----------------362/370----------------

Run 370: {Accuracy: 1.00, Precision: 1.00, Recall: 1.00}
Run 371: {Accuracy: 1.00, Precision: 1.00, Recall: 1.00}
Run 372: {Accuracy: 1.00, Precision: 1.00, Recall: 1.00}
Run 373: {Accuracy: 1.00, Precision: 1.00, Recall: 1.00}
Run 374: {Accuracy: 1.00, Precision: 1.00, Recall: 1.00}
Run 375: {Accuracy: 1.00, Precision: NaN, Recall: NaN}
Run 376: {Accuracy: 1.00, Precision: 1.00, Recall: 1.00}
Run 377: {Accuracy: 1.00, Precision: 1.00, Recall: 1.00}
Run 378: {Accuracy: 1.00, Precision: 1.00, Recall: 1.00}
Run 379: {Accuracy: 1.00, Precision: 1.00, Recall: 1.00}
----------------372/380----------------

Run 380: {Accuracy: 1.00, Precision: NaN, Recall: NaN}
Run 381: {Accuracy: 1.00, Precision: 1.00, Recall: 1.00}
Run 382: {Accuracy: 1.00, Precision: NaN, Recall: NaN}
Run 383: {Accuracy: 1.00, Precision: 1.00, Recall: 1.00}
Run 384: {Accuracy: 1.00, Precision: 1.00, Recall: 1.00}
Run 385: {Accuracy: 1.00, Precision: 1.00, Recall: 1.00}
Run 386: {Accuracy: 1.00, Precision: 1.00, Recall: 1.00}
Run 387: {Accuracy: 1.00, Precision: NaN, Recall: NaN}
Run 388: {Accuracy: 1.00, Precision: 1.00, Recall: 1.00}
Run 389: {Accuracy: 1.00, Precision: NaN, Recall: NaN}
----------------382/390----------------

Run 390: {Accuracy: 1.00, Precision: 1.00, Recall: 1.00}
Run 391: {Accuracy: 1.00, Precision: 1.00, Recall: 1.00}
Run 392: {Accuracy: 1.00, Precision: 1.00, Recall: 1.00}
Run 393: {Accuracy: 1.00, Precision: NaN, Recall: NaN}
Run 394: {Accuracy: 1.00, Precision: NaN, Recall: NaN}
Run 395: {Accuracy: 1.00, Precision: 1.00, Recall: 1.00}
Run 396: {Accuracy: 1.00, Precision: 1.00, Recall: 1.00}
Run 397: {Accuracy: 1.00, Precision: 1.00, Recall: 1.00}
Run 398: {Accuracy: 1.00, Precision: 1.00, Recall: 1.00}
Run 399: {Accuracy: 1.00, Precision: NaN, Recall: NaN}
----------------392/400----------------

Run 400: {Accuracy: 1.00, Precision: NaN, Recall: NaN}
Run 401: {Accuracy: 1.00, Precision: 1.00, Recall: 1.00}
Run 402: {Accuracy: 1.00, Precision: NaN, Recall: NaN}
Run 403: {Accuracy: 1.00, Precision: 1.00, Recall: 1.00}
Run 404: {Accuracy: 1.00, Precision: 1.00, Recall: 1.00}
Run 405: {Accuracy: 1.00, Precision: NaN, Recall: NaN}
Run 406: {Accuracy: 1.00, Precision: 1.00, Recall: 1.00}
Run 407: {Accuracy: 1.00, Precision: 1.00, Recall: 1.00}
Run 408: {Accuracy: 1.00, Precision: NaN, Recall: NaN}
Run 409: {Accuracy: 1.00, Precision: 1.00, Recall: 1.00}
----------------402/410----------------

Run 410: {Accuracy: 1.00, Precision: NaN, Recall: NaN}
Run 411: {Accuracy: 1.00, Precision: 1.00, Recall: 1.00}
Run 412: {Accuracy: 1.00, Precision: NaN, Recall: NaN}
Run 413: {Accuracy: 1.00, Precision: NaN, Recall: NaN}
Run 414: {Accuracy: 1.00, Precision: NaN, Recall: NaN}
Run 415: {Accuracy: 1.00, Precision: 1.00, Recall: 1.00}
Run 416: {Accuracy: 1.00, Precision: NaN, Recall: NaN}
Run 417: {Accuracy: 1.00, Precision: 1.00, Recall: 1.00}
Run 418: {Accuracy: 1.00, Precision: 1.00, Recall: 1.00}
Run 419: {Accuracy: 1.00, Precision: NaN, Recall: NaN}
----------------412/420----------------

Run 420: {Accuracy: 1.00, Precision: 1.00, Recall: 1.00}
Run 421: {Accuracy: 1.00, Precision: 1.00, Recall: 1.00}
Run 422: {Accuracy: 1.00, Precision: 1.00, Recall: 1.00}
Run 423: {Accuracy: 0.75, Precision: 1.00, Recall: 0.50}
Run 424: {Accuracy: 1.00, Precision: 1.00, Recall: 1.00}
Run 425: {Accuracy: 1.00, Precision: NaN, Recall: NaN}
Run 426: {Accuracy: 1.00, Precision: 1.00, Recall: 1.00}
Run 427: {Accuracy: 1.00, Precision: 1.00, Recall: 1.00}
Run 428: {Accuracy: 1.00, Precision: 1.00, Recall: 1.00}
Run 429: {Accuracy: 1.00, Precision: 1.00, Recall: 1.00}
----------------421/430----------------

Run 430: {Accuracy: 0.80, Precision: 0.75, Recall: 1.00}
Run 431: {Accuracy: 1.00, Precision: 1.00, Recall: 1.00}
Run 432: {Accuracy: 1.00, Precision: 1.00, Recall: 1.00}
Run 433: {Accuracy: 1.00, Precision: 1.00, Recall: 1.00}
Run 434: {Accuracy: 1.00, Precision: NaN, Recall: NaN}
Run 435: {Accuracy: 1.00, Precision: 1.00, Recall: 1.00}
Run 436: {Accuracy: 1.00, Precision: 1.00, Recall: 1.00}
Run 437: {Accuracy: 1.00, Precision: 1.00, Recall: 1.00}
Run 438: {Accuracy: 1.00, Precision: NaN, Recall: NaN}
Run 439: {Accuracy: 1.00, Precision: 1.00, Recall: 1.00}
----------------430/440----------------

Run 440: {Accuracy: 1.00, Precision: 1.00, Recall: 1.00}
Run 441: {Accuracy: 1.00, Precision: 1.00, Recall: 1.00}
Run 442: {Accuracy: 1.00, Precision: NaN, Recall: NaN}
Run 443: {Accuracy: 1.00, Precision: 1.00, Recall: 1.00}
Run 444: {Accuracy: 1.00, Precision: NaN, Recall: NaN}
Run 445: {Accuracy: 1.00, Precision: 1.00, Recall: 1.00}
Run 446: {Accuracy: 1.00, Precision: 1.00, Recall: 1.00}
Run 447: {Accuracy: 1.00, Precision: 1.00, Recall: 1.00}
Run 448: {Accuracy: 1.00, Precision: 1.00, Recall: 1.00}
Run 449: {Accuracy: 1.00, Precision: 1.00, Recall: 1.00}
----------------440/450----------------

Run 450: {Accuracy: 1.00, Precision: 1.00, Recall: 1.00}
Run 451: {Accuracy: 1.00, Precision: NaN, Recall: NaN}
Run 452: {Accuracy: 1.00, Precision: 1.00, Recall: 1.00}
Run 453: {Accuracy: 1.00, Precision: 1.00, Recall: 1.00}
Run 454: {Accuracy: 1.00, Precision: 1.00, Recall: 1.00}
Run 455: {Accuracy: 1.00, Precision: 1.00, Recall: 1.00}
Run 456: {Accuracy: 1.00, Precision: 1.00, Recall: 1.00}
Run 457: {Accuracy: 1.00, Precision: NaN, Recall: NaN}
Run 458: {Accuracy: 1.00, Precision: 1.00, Recall: 1.00}
Run 459: {Accuracy: 1.00, Precision: 1.00, Recall: 1.00}
----------------450/460----------------

Run 460: {Accuracy: 1.00, Precision: 1.00, Recall: 1.00}
Run 461: {Accuracy: 1.00, Precision: NaN, Recall: NaN}
Run 462: {Accuracy: 1.00, Precision: 1.00, Recall: 1.00}
Run 463: {Accuracy: 1.00, Precision: NaN, Recall: NaN}
Run 464: {Accuracy: 1.00, Precision: 1.00, Recall: 1.00}
Run 465: {Accuracy: 1.00, Precision: 1.00, Recall: 1.00}
Run 466: {Accuracy: 1.00, Precision: 1.00, Recall: 1.00}
Run 467: {Accuracy: 1.00, Precision: NaN, Recall: NaN}
Run 468: {Accuracy: 1.00, Precision: 1.00, Recall: 1.00}
Run 469: {Accuracy: 1.00, Precision: NaN, Recall: NaN}
----------------460/470----------------

Run 470: {Accuracy: 1.00, Precision: 1.00, Recall: 1.00}
Run 471: {Accuracy: 1.00, Precision: 1.00, Recall: 1.00}
Run 472: {Accuracy: 1.00, Precision: NaN, Recall: NaN}
Run 473: {Accuracy: 1.00, Precision: NaN, Recall: NaN}
Run 474: {Accuracy: 1.00, Precision: 1.00, Recall: 1.00}
Run 475: {Accuracy: 1.00, Precision: 1.00, Recall: 1.00}
Run 476: {Accuracy: 0.75, Precision: 1.00, Recall: 0.67}
Run 477: {Accuracy: 1.00, Precision: 1.00, Recall: 1.00}
Run 478: {Accuracy: 1.00, Precision: 1.00, Recall: 1.00}
Run 479: {Accuracy: 1.00, Precision: 1.00, Recall: 1.00}
----------------469/480----------------

Run 480: {Accuracy: 1.00, Precision: NaN, Recall: NaN}
Run 481: {Accuracy: 1.00, Precision: 1.00, Recall: 1.00}
Run 482: {Accuracy: 1.00, Precision: 1.00, Recall: 1.00}
Run 483: {Accuracy: 1.00, Precision: NaN, Recall: NaN}
Run 484: {Accuracy: 0.00, Precision: 0.00, Recall: NaN}
Run 485: {Accuracy: 1.00, Precision: 1.00, Recall: 1.00}
Run 486: {Accuracy: 1.00, Precision: 1.00, Recall: 1.00}
Run 487: {Accuracy: 0.75, Precision: NaN, Recall: 0.00}
Run 488: {Accuracy: 1.00, Precision: NaN, Recall: NaN}
Run 489: {Accuracy: 1.00, Precision: 1.00, Recall: 1.00}
----------------477/490----------------

Run 490: {Accuracy: 1.00, Precision: 1.00, Recall: 1.00}
Run 491: {Accuracy: 1.00, Precision: 1.00, Recall: 1.00}
Run 492: {Accuracy: 1.00, Precision: 1.00, Recall: 1.00}
Run 493: {Accuracy: 1.00, Precision: 1.00, Recall: 1.00}
Run 494: {Accuracy: 1.00, Precision: 1.00, Recall: 1.00}
Run 495: {Accuracy: 1.00, Precision: 1.00, Recall: 1.00}
Run 496: {Accuracy: 1.00, Precision: NaN, Recall: NaN}
Run 497: {Accuracy: 1.00, Precision: 1.00, Recall: 1.00}
Run 498: {Accuracy: 1.00, Precision: 1.00, Recall: 1.00}
Run 499: {Accuracy: 1.00, Precision: 1.00, Recall: 1.00}
----------------487/500----------------

Run 500: {Accuracy: 1.00, Precision: 1.00, Recall: 1.00}
Run 501: {Accuracy: 1.00, Precision: 1.00, Recall: 1.00}
Run 502: {Accuracy: 1.00, Precision: 1.00, Recall: 1.00}
Run 503: {Accuracy: 1.00, Precision: NaN, Recall: NaN}
Run 504: {Accuracy: 1.00, Precision: NaN, Recall: NaN}
Run 505: {Accuracy: 1.00, Precision: 1.00, Recall: 1.00}
Run 506: {Accuracy: 1.00, Precision: 1.00, Recall: 1.00}
Run 507: {Accuracy: 1.00, Precision: 1.00, Recall: 1.00}
Run 508: {Accuracy: 1.00, Precision: 1.00, Recall: 1.00}
Run 509: {Accuracy: 1.00, Precision: NaN, Recall: NaN}
----------------497/510----------------

Run 510: {Accuracy: 1.00, Precision: NaN, Recall: NaN}
Run 511: {Accuracy: 1.00, Precision: 1.00, Recall: 1.00}
Run 512: {Accuracy: 1.00, Precision: 1.00, Recall: 1.00}
Run 513: {Accuracy: 1.00, Precision: 1.00, Recall: 1.00}
Run 514: {Accuracy: 1.00, Precision: 1.00, Recall: 1.00}
Run 515: {Accuracy: 1.00, Precision: NaN, Recall: NaN}
Run 516: {Accuracy: 1.00, Precision: 1.00, Recall: 1.00}
Run 517: {Accuracy: 1.00, Precision: 1.00, Recall: 1.00}
Run 518: {Accuracy: 1.00, Precision: 1.00, Recall: 1.00}
Run 519: {Accuracy: 1.00, Precision: 1.00, Recall: 1.00}
----------------507/520----------------

Run 520: {Accuracy: 1.00, Precision: 1.00, Recall: 1.00}
Run 521: {Accuracy: 1.00, Precision: 1.00, Recall: 1.00}
Run 522: {Accuracy: 1.00, Precision: 1.00, Recall: 1.00}
Run 523: {Accuracy: 1.00, Precision: 1.00, Recall: 1.00}
Run 524: {Accuracy: 1.00, Precision: NaN, Recall: NaN}
Run 525: {Accuracy: 1.00, Precision: 1.00, Recall: 1.00}
Run 526: {Accuracy: 1.00, Precision: NaN, Recall: NaN}
Run 527: {Accuracy: 1.00, Precision: 1.00, Recall: 1.00}
Run 528: {Accuracy: 1.00, Precision: NaN, Recall: NaN}
Run 529: {Accuracy: 1.00, Precision: 1.00, Recall: 1.00}
----------------517/530----------------

Run 530: {Accuracy: 1.00, Precision: 1.00, Recall: 1.00}
Run 531: {Accuracy: 1.00, Precision: 1.00, Recall: 1.00}
Run 532: {Accuracy: 1.00, Precision: NaN, Recall: NaN}
Run 533: {Accuracy: 1.00, Precision: 1.00, Recall: 1.00}
Run 534: {Accuracy: 1.00, Precision: NaN, Recall: NaN}
Run 535: {Accuracy: 1.00, Precision: NaN, Recall: NaN}
Run 536: {Accuracy: 1.00, Precision: 1.00, Recall: 1.00}
Run 537: {Accuracy: 1.00, Precision: NaN, Recall: NaN}
Run 538: {Accuracy: 1.00, Precision: 1.00, Recall: 1.00}
Run 539: {Accuracy: 1.00, Precision: 1.00, Recall: 1.00}
----------------527/540----------------

Run 540: {Accuracy: 0.75, Precision: 1.00, Recall: 0.67}
Run 541: {Accuracy: 0.67, Precision: NaN, Recall: 0.00}
Run 542: {Accuracy: 1.00, Precision: 1.00, Recall: 1.00}
Run 543: {Accuracy: 1.00, Precision: 1.00, Recall: 1.00}
Run 544: {Accuracy: 0.75, Precision: 0.00, Recall: NaN}
Run 545: {Accuracy: 1.00, Precision: 1.00, Recall: 1.00}
Run 546: {Accuracy: 1.00, Precision: 1.00, Recall: 1.00}
Run 547: {Accuracy: 1.00, Precision: NaN, Recall: NaN}
Run 548: {Accuracy: 1.00, Precision: 1.00, Recall: 1.00}
Run 549: {Accuracy: 1.00, Precision: NaN, Recall: NaN}
----------------534/550----------------

Run 550: {Accuracy: 1.00, Precision: 1.00, Recall: 1.00}
Run 551: {Accuracy: 1.00, Precision: 1.00, Recall: 1.00}
Run 552: {Accuracy: 1.00, Precision: NaN, Recall: NaN}
Run 553: {Accuracy: 1.00, Precision: NaN, Recall: NaN}
Run 554: {Accuracy: 1.00, Precision: 1.00, Recall: 1.00}
Run 555: {Accuracy: 1.00, Precision: 1.00, Recall: 1.00}
Run 556: {Accuracy: 1.00, Precision: 1.00, Recall: 1.00}
Run 557: {Accuracy: 1.00, Precision: NaN, Recall: NaN}
Run 558: {Accuracy: 1.00, Precision: NaN, Recall: NaN}
Run 559: {Accuracy: 1.00, Precision: NaN, Recall: NaN}
----------------544/560----------------

Run 560: {Accuracy: 1.00, Precision: 1.00, Recall: 1.00}
Run 561: {Accuracy: 0.80, Precision: 0.67, Recall: 1.00}
Run 562: {Accuracy: 1.00, Precision: NaN, Recall: NaN}
Run 563: {Accuracy: 1.00, Precision: 1.00, Recall: 1.00}
Run 564: {Accuracy: 1.00, Precision: 1.00, Recall: 1.00}
Run 565: {Accuracy: 0.80, Precision: NaN, Recall: 0.00}
Run 566: {Accuracy: 1.00, Precision: NaN, Recall: NaN}
Run 567: {Accuracy: 1.00, Precision: NaN, Recall: NaN}
Run 568: {Accuracy: 1.00, Precision: NaN, Recall: NaN}
Run 569: {Accuracy: 1.00, Precision: NaN, Recall: NaN}
----------------552/570----------------

Run 570: {Accuracy: 1.00, Precision: NaN, Recall: NaN}
Run 571: {Accuracy: 1.00, Precision: 1.00, Recall: 1.00}
Run 572: {Accuracy: 0.67, Precision: 1.00, Recall: 0.50}
Run 573: {Accuracy: 1.00, Precision: 1.00, Recall: 1.00}
Run 574: {Accuracy: 1.00, Precision: NaN, Recall: NaN}
Run 575: {Accuracy: 1.00, Precision: 1.00, Recall: 1.00}
Run 576: {Accuracy: 1.00, Precision: 1.00, Recall: 1.00}
Run 577: {Accuracy: 1.00, Precision: NaN, Recall: NaN}
Run 578: {Accuracy: 1.00, Precision: 1.00, Recall: 1.00}
Run 579: {Accuracy: 1.00, Precision: NaN, Recall: NaN}
----------------561/580----------------

Run 580: {Accuracy: 1.00, Precision: NaN, Recall: NaN}
Run 581: {Accuracy: 1.00, Precision: 1.00, Recall: 1.00}
Run 582: {Accuracy: 1.00, Precision: 1.00, Recall: 1.00}
Run 583: {Accuracy: 1.00, Precision: 1.00, Recall: 1.00}
Run 584: {Accuracy: 1.00, Precision: 1.00, Recall: 1.00}
Run 585: {Accuracy: 1.00, Precision: 1.00, Recall: 1.00}
Run 586: {Accuracy: 1.00, Precision: 1.00, Recall: 1.00}
Run 587: {Accuracy: 1.00, Precision: NaN, Recall: NaN}
Run 588: {Accuracy: 1.00, Precision: 1.00, Recall: 1.00}
Run 589: {Accuracy: 1.00, Precision: 1.00, Recall: 1.00}
----------------571/590----------------

Run 590: {Accuracy: 1.00, Precision: NaN, Recall: NaN}
Run 591: {Accuracy: 1.00, Precision: 1.00, Recall: 1.00}
Run 592: {Accuracy: 1.00, Precision: 1.00, Recall: 1.00}
Run 593: {Accuracy: 1.00, Precision: 1.00, Recall: 1.00}
Run 594: {Accuracy: 1.00, Precision: 1.00, Recall: 1.00}
Run 595: {Accuracy: 1.00, Precision: 1.00, Recall: 1.00}
Run 596: {Accuracy: 1.00, Precision: 1.00, Recall: 1.00}
Run 597: {Accuracy: 0.50, Precision: 0.00, Recall: 0.00}
Run 598: {Accuracy: 1.00, Precision: NaN, Recall: NaN}
Run 599: {Accuracy: 1.00, Precision: 1.00, Recall: 1.00}
----------------580/600----------------

Run 600: {Accuracy: 1.00, Precision: 1.00, Recall: 1.00}
Run 601: {Accuracy: 1.00, Precision: 1.00, Recall: 1.00}
Run 602: {Accuracy: 1.00, Precision: 1.00, Recall: 1.00}
Run 603: {Accuracy: 1.00, Precision: NaN, Recall: NaN}
Run 604: {Accuracy: 1.00, Precision: 1.00, Recall: 1.00}
Run 605: {Accuracy: 1.00, Precision: 1.00, Recall: 1.00}
Run 606: {Accuracy: 1.00, Precision: NaN, Recall: NaN}
Run 607: {Accuracy: 1.00, Precision: 1.00, Recall: 1.00}
Run 608: {Accuracy: 1.00, Precision: 1.00, Recall: 1.00}
Run 609: {Accuracy: 1.00, Precision: 1.00, Recall: 1.00}
----------------590/610----------------

Run 610: {Accuracy: 1.00, Precision: 1.00, Recall: 1.00}
Run 611: {Accuracy: 1.00, Precision: 1.00, Recall: 1.00}
Run 612: {Accuracy: 1.00, Precision: 1.00, Recall: 1.00}
Run 613: {Accuracy: 1.00, Precision: NaN, Recall: NaN}
Run 614: {Accuracy: 1.00, Precision: 1.00, Recall: 1.00}
Run 615: {Accuracy: 1.00, Precision: NaN, Recall: NaN}
Run 616: {Accuracy: 1.00, Precision: NaN, Recall: NaN}
Run 617: {Accuracy: 1.00, Precision: NaN, Recall: NaN}
Run 618: {Accuracy: 1.00, Precision: NaN, Recall: NaN}
Run 619: {Accuracy: 1.00, Precision: 1.00, Recall: 1.00}
----------------600/620----------------

Run 620: {Accuracy: 1.00, Precision: 1.00, Recall: 1.00}
Run 621: {Accuracy: 1.00, Precision: 1.00, Recall: 1.00}
Run 622: {Accuracy: 1.00, Precision: 1.00, Recall: 1.00}
Run 623: {Accuracy: 1.00, Precision: NaN, Recall: NaN}
Run 624: {Accuracy: 1.00, Precision: 1.00, Recall: 1.00}
Run 625: {Accuracy: 1.00, Precision: 1.00, Recall: 1.00}
Run 626: {Accuracy: 1.00, Precision: 1.00, Recall: 1.00}
Run 627: {Accuracy: 1.00, Precision: NaN, Recall: NaN}
Run 628: {Accuracy: 1.00, Precision: 1.00, Recall: 1.00}
Run 629: {Accuracy: 1.00, Precision: 1.00, Recall: 1.00}
----------------610/630----------------

Run 630: {Accuracy: 1.00, Precision: 1.00, Recall: 1.00}
Run 631: {Accuracy: 1.00, Precision: 1.00, Recall: 1.00}
Run 632: {Accuracy: 1.00, Precision: 1.00, Recall: 1.00}
Run 633: {Accuracy: 1.00, Precision: 1.00, Recall: 1.00}
Run 634: {Accuracy: 1.00, Precision: NaN, Recall: NaN}
Run 635: {Accuracy: 1.00, Precision: 1.00, Recall: 1.00}
Run 636: {Accuracy: 1.00, Precision: 1.00, Recall: 1.00}
Run 637: {Accuracy: 1.00, Precision: NaN, Recall: NaN}
Run 638: {Accuracy: 1.00, Precision: 1.00, Recall: 1.00}
Run 639: {Accuracy: 1.00, Precision: NaN, Recall: NaN}
----------------620/640----------------

Run 640: {Accuracy: 1.00, Precision: NaN, Recall: NaN}
Run 641: {Accuracy: 1.00, Precision: 1.00, Recall: 1.00}
Run 642: {Accuracy: 1.00, Precision: NaN, Recall: NaN}
Run 643: {Accuracy: 1.00, Precision: 1.00, Recall: 1.00}
Run 644: {Accuracy: 1.00, Precision: NaN, Recall: NaN}
Run 645: {Accuracy: 1.00, Precision: 1.00, Recall: 1.00}
Run 646: {Accuracy: 1.00, Precision: 1.00, Recall: 1.00}
Run 647: {Accuracy: 1.00, Precision: 1.00, Recall: 1.00}
Run 648: {Accuracy: 1.00, Precision: 1.00, Recall: 1.00}
Run 649: {Accuracy: 1.00, Precision: 1.00, Recall: 1.00}
----------------630/650----------------

Run 650: {Accuracy: 1.00, Precision: 1.00, Recall: 1.00}
Run 651: {Accuracy: 1.00, Precision: 1.00, Recall: 1.00}
Run 652: {Accuracy: 1.00, Precision: NaN, Recall: NaN}
Run 653: {Accuracy: 1.00, Precision: 1.00, Recall: 1.00}
Run 654: {Accuracy: 1.00, Precision: 1.00, Recall: 1.00}
Run 655: {Accuracy: 1.00, Precision: 1.00, Recall: 1.00}
Run 656: {Accuracy: 1.00, Precision: 1.00, Recall: 1.00}
Run 657: {Accuracy: 1.00, Precision: 1.00, Recall: 1.00}
Run 658: {Accuracy: 1.00, Precision: 1.00, Recall: 1.00}
Run 659: {Accuracy: 1.00, Precision: NaN, Recall: NaN}
----------------640/660----------------

Run 660: {Accuracy: 1.00, Precision: 1.00, Recall: 1.00}
Run 661: {Accuracy: 1.00, Precision: 1.00, Recall: 1.00}
Run 662: {Accuracy: 1.00, Precision: NaN, Recall: NaN}
Run 663: {Accuracy: 1.00, Precision: 1.00, Recall: 1.00}
Run 664: {Accuracy: 1.00, Precision: 1.00, Recall: 1.00}
Run 665: {Accuracy: 1.00, Precision: 1.00, Recall: 1.00}
Run 666: {Accuracy: 1.00, Precision: 1.00, Recall: 1.00}
Run 667: {Accuracy: 1.00, Precision: 1.00, Recall: 1.00}
Run 668: {Accuracy: 1.00, Precision: NaN, Recall: NaN}
Run 669: {Accuracy: 1.00, Precision: 1.00, Recall: 1.00}
----------------650/670----------------

Run 670: {Accuracy: 1.00, Precision: NaN, Recall: NaN}
Run 671: {Accuracy: 1.00, Precision: NaN, Recall: NaN}
Run 672: {Accuracy: 1.00, Precision: 1.00, Recall: 1.00}
Run 673: {Accuracy: 1.00, Precision: NaN, Recall: NaN}
Run 674: {Accuracy: 1.00, Precision: 1.00, Recall: 1.00}
Run 675: {Accuracy: 1.00, Precision: NaN, Recall: NaN}
Run 676: {Accuracy: 1.00, Precision: 1.00, Recall: 1.00}
Run 677: {Accuracy: 1.00, Precision: NaN, Recall: NaN}
Run 678: {Accuracy: 1.00, Precision: NaN, Recall: NaN}
Run 679: {Accuracy: 1.00, Precision: NaN, Recall: NaN}
----------------660/680----------------

Run 680: {Accuracy: 1.00, Precision: 1.00, Recall: 1.00}
Run 681: {Accuracy: 1.00, Precision: 1.00, Recall: 1.00}
Run 682: {Accuracy: 1.00, Precision: 1.00, Recall: 1.00}
Run 683: {Accuracy: 1.00, Precision: 1.00, Recall: 1.00}
Run 684: {Accuracy: 1.00, Precision: NaN, Recall: NaN}
Run 685: {Accuracy: 1.00, Precision: 1.00, Recall: 1.00}
Run 686: {Accuracy: 1.00, Precision: NaN, Recall: NaN}
Run 687: {Accuracy: 1.00, Precision: 1.00, Recall: 1.00}
Run 688: {Accuracy: 1.00, Precision: 1.00, Recall: 1.00}
Run 689: {Accuracy: 1.00, Precision: 1.00, Recall: 1.00}
----------------670/690----------------

Run 690: {Accuracy: 1.00, Precision: 1.00, Recall: 1.00}
Run 691: {Accuracy: 1.00, Precision: 1.00, Recall: 1.00}
Run 692: {Accuracy: 1.00, Precision: 1.00, Recall: 1.00}
Run 693: {Accuracy: 1.00, Precision: 1.00, Recall: 1.00}
Run 694: {Accuracy: 1.00, Precision: 1.00, Recall: 1.00}
Run 695: {Accuracy: 1.00, Precision: 1.00, Recall: 1.00}
Run 696: {Accuracy: 1.00, Precision: NaN, Recall: NaN}
Run 697: {Accuracy: 1.00, Precision: 1.00, Recall: 1.00}
Run 698: {Accuracy: 1.00, Precision: 1.00, Recall: 1.00}
Run 699: {Accuracy: 1.00, Precision: 1.00, Recall: 1.00}
----------------680/700----------------

Run 700: {Accuracy: 1.00, Precision: NaN, Recall: NaN}
Run 701: {Accuracy: 1.00, Precision: NaN, Recall: NaN}
Run 702: {Accuracy: 1.00, Precision: 1.00, Recall: 1.00}
Run 703: {Accuracy: 1.00, Precision: 1.00, Recall: 1.00}
Run 704: {Accuracy: 1.00, Precision: 1.00, Recall: 1.00}
Run 705: {Accuracy: 1.00, Precision: 1.00, Recall: 1.00}
Run 706: {Accuracy: 1.00, Precision: 1.00, Recall: 1.00}
Run 707: {Accuracy: 1.00, Precision: 1.00, Recall: 1.00}
Run 708: {Accuracy: 1.00, Precision: NaN, Recall: NaN}
Run 709: {Accuracy: 1.00, Precision: NaN, Recall: NaN}
----------------690/710----------------

Run 710: {Accuracy: 1.00, Precision: 1.00, Recall: 1.00}
Run 711: {Accuracy: 1.00, Precision: 1.00, Recall: 1.00}
Run 712: {Accuracy: 1.00, Precision: 1.00, Recall: 1.00}
Run 713: {Accuracy: 1.00, Precision: 1.00, Recall: 1.00}
Run 714: {Accuracy: 1.00, Precision: 1.00, Recall: 1.00}
Run 715: {Accuracy: 1.00, Precision: 1.00, Recall: 1.00}
Run 716: {Accuracy: 1.00, Precision: NaN, Recall: NaN}
Run 717: {Accuracy: 1.00, Precision: 1.00, Recall: 1.00}
Run 718: {Accuracy: 1.00, Precision: NaN, Recall: NaN}
Run 719: {Accuracy: 1.00, Precision: 1.00, Recall: 1.00}
----------------700/720----------------

Run 720: {Accuracy: 1.00, Precision: 1.00, Recall: 1.00}
Run 721: {Accuracy: 1.00, Precision: NaN, Recall: NaN}
Run 722: {Accuracy: 1.00, Precision: 1.00, Recall: 1.00}
Run 723: {Accuracy: 1.00, Precision: 1.00, Recall: 1.00}
Run 724: {Accuracy: 1.00, Precision: NaN, Recall: NaN}
Run 725: {Accuracy: 1.00, Precision: 1.00, Recall: 1.00}
Run 726: {Accuracy: 1.00, Precision: 1.00, Recall: 1.00}
Run 727: {Accuracy: 1.00, Precision: 1.00, Recall: 1.00}
Run 728: {Accuracy: 1.00, Precision: 1.00, Recall: 1.00}
Run 729: {Accuracy: 1.00, Precision: 1.00, Recall: 1.00}
----------------710/730----------------

Run 730: {Accuracy: 1.00, Precision: 1.00, Recall: 1.00}
Run 731: {Accuracy: 1.00, Precision: 1.00, Recall: 1.00}
Run 732: {Accuracy: 1.00, Precision: 1.00, Recall: 1.00}
Run 733: {Accuracy: 1.00, Precision: 1.00, Recall: 1.00}
Run 734: {Accuracy: 1.00, Precision: 1.00, Recall: 1.00}
Run 735: {Accuracy: 1.00, Precision: 1.00, Recall: 1.00}
Run 736: {Accuracy: 0.80, Precision: 0.75, Recall: 1.00}
Run 737: {Accuracy: 1.00, Precision: 1.00, Recall: 1.00}
Run 738: {Accuracy: 1.00, Precision: NaN, Recall: NaN}
Run 739: {Accuracy: 1.00, Precision: 1.00, Recall: 1.00}
----------------719/740----------------

Run 740: {Accuracy: 1.00, Precision: 1.00, Recall: 1.00}
Run 741: {Accuracy: 1.00, Precision: NaN, Recall: NaN}
Run 742: {Accuracy: 1.00, Precision: NaN, Recall: NaN}
Run 743: {Accuracy: 1.00, Precision: NaN, Recall: NaN}
Run 744: {Accuracy: 1.00, Precision: 1.00, Recall: 1.00}
Run 745: {Accuracy: 1.00, Precision: 1.00, Recall: 1.00}
Run 746: {Accuracy: 1.00, Precision: 1.00, Recall: 1.00}
Run 747: {Accuracy: 1.00, Precision: NaN, Recall: NaN}
Run 748: {Accuracy: 1.00, Precision: 1.00, Recall: 1.00}
Run 749: {Accuracy: 1.00, Precision: 1.00, Recall: 1.00}
----------------729/750----------------

Run 750: {Accuracy: 1.00, Precision: 1.00, Recall: 1.00}
Run 751: {Accuracy: 1.00, Precision: 1.00, Recall: 1.00}
Run 752: {Accuracy: 1.00, Precision: 1.00, Recall: 1.00}
Run 753: {Accuracy: 0.80, Precision: 1.00, Recall: 0.67}
Run 754: {Accuracy: 1.00, Precision: NaN, Recall: NaN}
Run 755: {Accuracy: 1.00, Precision: 1.00, Recall: 1.00}
Run 756: {Accuracy: 1.00, Precision: 1.00, Recall: 1.00}
Run 757: {Accuracy: 1.00, Precision: 1.00, Recall: 1.00}
Run 758: {Accuracy: 1.00, Precision: NaN, Recall: NaN}
Run 759: {Accuracy: 1.00, Precision: NaN, Recall: NaN}
----------------738/760----------------

Run 760: {Accuracy: 1.00, Precision: NaN, Recall: NaN}
Run 761: {Accuracy: 1.00, Precision: 1.00, Recall: 1.00}
Run 762: {Accuracy: 1.00, Precision: 1.00, Recall: 1.00}
Run 763: {Accuracy: 1.00, Precision: 1.00, Recall: 1.00}
Run 764: {Accuracy: 1.00, Precision: 1.00, Recall: 1.00}
Run 765: {Accuracy: 1.00, Precision: NaN, Recall: NaN}
Run 766: {Accuracy: 1.00, Precision: 1.00, Recall: 1.00}
Run 767: {Accuracy: 1.00, Precision: NaN, Recall: NaN}
Run 768: {Accuracy: 1.00, Precision: NaN, Recall: NaN}
Run 769: {Accuracy: 1.00, Precision: 1.00, Recall: 1.00}
----------------748/770----------------

Run 770: {Accuracy: 1.00, Precision: 1.00, Recall: 1.00}
Run 771: {Accuracy: 1.00, Precision: NaN, Recall: NaN}
Run 772: {Accuracy: 1.00, Precision: NaN, Recall: NaN}
Run 773: {Accuracy: 1.00, Precision: 1.00, Recall: 1.00}
Run 774: {Accuracy: 1.00, Precision: NaN, Recall: NaN}
Run 775: {Accuracy: 1.00, Precision: 1.00, Recall: 1.00}
Run 776: {Accuracy: 1.00, Precision: 1.00, Recall: 1.00}
Run 777: {Accuracy: 1.00, Precision: 1.00, Recall: 1.00}
Run 778: {Accuracy: 1.00, Precision: 1.00, Recall: 1.00}
Run 779: {Accuracy: 1.00, Precision: 1.00, Recall: 1.00}
----------------758/780----------------

Run 780: {Accuracy: 1.00, Precision: 1.00, Recall: 1.00}
Run 781: {Accuracy: 1.00, Precision: NaN, Recall: NaN}
Run 782: {Accuracy: 1.00, Precision: 1.00, Recall: 1.00}
Run 783: {Accuracy: 1.00, Precision: 1.00, Recall: 1.00}
Run 784: {Accuracy: 1.00, Precision: 1.00, Recall: 1.00}
Run 785: {Accuracy: 1.00, Precision: 1.00, Recall: 1.00}
Run 786: {Accuracy: 1.00, Precision: 1.00, Recall: 1.00}
Run 787: {Accuracy: 1.00, Precision: 1.00, Recall: 1.00}
Run 788: {Accuracy: 1.00, Precision: 1.00, Recall: 1.00}
Run 789: {Accuracy: 0.75, Precision: 0.50, Recall: 1.00}
----------------767/790----------------

Run 790: {Accuracy: 1.00, Precision: 1.00, Recall: 1.00}
Run 791: {Accuracy: 1.00, Precision: 1.00, Recall: 1.00}
Run 792: {Accuracy: 0.67, Precision: NaN, Recall: 0.00}
Run 793: {Accuracy: 1.00, Precision: 1.00, Recall: 1.00}
Run 794: {Accuracy: 1.00, Precision: NaN, Recall: NaN}
Run 795: {Accuracy: 1.00, Precision: NaN, Recall: NaN}
Run 796: {Accuracy: 1.00, Precision: 1.00, Recall: 1.00}
Run 797: {Accuracy: 1.00, Precision: 1.00, Recall: 1.00}
Run 798: {Accuracy: 1.00, Precision: 1.00, Recall: 1.00}
Run 799: {Accuracy: 1.00, Precision: 1.00, Recall: 1.00}
----------------776/800----------------

Run 800: {Accuracy: 1.00, Precision: 1.00, Recall: 1.00}
Run 801: {Accuracy: 1.00, Precision: NaN, Recall: NaN}
Run 802: {Accuracy: 1.00, Precision: 1.00, Recall: 1.00}
Run 803: {Accuracy: 1.00, Precision: 1.00, Recall: 1.00}
Run 804: {Accuracy: 1.00, Precision: 1.00, Recall: 1.00}
Run 805: {Accuracy: 1.00, Precision: 1.00, Recall: 1.00}
Run 806: {Accuracy: 1.00, Precision: NaN, Recall: NaN}
Run 807: {Accuracy: 1.00, Precision: 1.00, Recall: 1.00}
Run 808: {Accuracy: 1.00, Precision: 1.00, Recall: 1.00}
Run 809: {Accuracy: 1.00, Precision: NaN, Recall: NaN}
----------------786/810----------------

Run 810: {Accuracy: 1.00, Precision: NaN, Recall: NaN}
Run 811: {Accuracy: 1.00, Precision: 1.00, Recall: 1.00}
Run 812: {Accuracy: 1.00, Precision: 1.00, Recall: 1.00}
Run 813: {Accuracy: 1.00, Precision: 1.00, Recall: 1.00}
Run 814: {Accuracy: 1.00, Precision: 1.00, Recall: 1.00}
Run 815: {Accuracy: 1.00, Precision: 1.00, Recall: 1.00}
Run 816: {Accuracy: 1.00, Precision: 1.00, Recall: 1.00}
Run 817: {Accuracy: 1.00, Precision: 1.00, Recall: 1.00}
Run 818: {Accuracy: 1.00, Precision: 1.00, Recall: 1.00}
Run 819: {Accuracy: 1.00, Precision: 1.00, Recall: 1.00}
----------------796/820----------------

Run 820: {Accuracy: 1.00, Precision: 1.00, Recall: 1.00}
Run 821: {Accuracy: 1.00, Precision: 1.00, Recall: 1.00}
Run 822: {Accuracy: 1.00, Precision: 1.00, Recall: 1.00}
Run 823: {Accuracy: 1.00, Precision: 1.00, Recall: 1.00}
Run 824: {Accuracy: 1.00, Precision: 1.00, Recall: 1.00}
Run 825: {Accuracy: 1.00, Precision: 1.00, Recall: 1.00}
Run 826: {Accuracy: 1.00, Precision: 1.00, Recall: 1.00}
Run 827: {Accuracy: 1.00, Precision: 1.00, Recall: 1.00}
Run 828: {Accuracy: 1.00, Precision: NaN, Recall: NaN}
Run 829: {Accuracy: 1.00, Precision: 1.00, Recall: 1.00}
----------------806/830----------------

Run 830: {Accuracy: 1.00, Precision: NaN, Recall: NaN}
Run 831: {Accuracy: 1.00, Precision: 1.00, Recall: 1.00}
Run 832: {Accuracy: 1.00, Precision: 1.00, Recall: 1.00}
Run 833: {Accuracy: 1.00, Precision: 1.00, Recall: 1.00}
Run 834: {Accuracy: 1.00, Precision: 1.00, Recall: 1.00}
Run 835: {Accuracy: 1.00, Precision: NaN, Recall: NaN}
Run 836: {Accuracy: 1.00, Precision: NaN, Recall: NaN}
Run 837: {Accuracy: 1.00, Precision: 1.00, Recall: 1.00}
Run 838: {Accuracy: 1.00, Precision: 1.00, Recall: 1.00}
Run 839: {Accuracy: 1.00, Precision: 1.00, Recall: 1.00}
----------------816/840----------------

Run 840: {Accuracy: 1.00, Precision: 1.00, Recall: 1.00}
Run 841: {Accuracy: 1.00, Precision: 1.00, Recall: 1.00}
Run 842: {Accuracy: 1.00, Precision: NaN, Recall: NaN}
Run 843: {Accuracy: 1.00, Precision: 1.00, Recall: 1.00}
Run 844: {Accuracy: 1.00, Precision: 1.00, Recall: 1.00}
Run 845: {Accuracy: 1.00, Precision: 1.00, Recall: 1.00}
Run 846: {Accuracy: 1.00, Precision: NaN, Recall: NaN}
Run 847: {Accuracy: 1.00, Precision: 1.00, Recall: 1.00}
Run 848: {Accuracy: 1.00, Precision: 1.00, Recall: 1.00}
Run 849: {Accuracy: 1.00, Precision: 1.00, Recall: 1.00}
----------------826/850----------------

Run 850: {Accuracy: 1.00, Precision: 1.00, Recall: 1.00}
Run 851: {Accuracy: 1.00, Precision: 1.00, Recall: 1.00}
Run 852: {Accuracy: 1.00, Precision: 1.00, Recall: 1.00}
Run 853: {Accuracy: 1.00, Precision: 1.00, Recall: 1.00}
Run 854: {Accuracy: 1.00, Precision: 1.00, Recall: 1.00}
Run 855: {Accuracy: 1.00, Precision: 1.00, Recall: 1.00}
Run 856: {Accuracy: 1.00, Precision: NaN, Recall: NaN}
Run 857: {Accuracy: 1.00, Precision: 1.00, Recall: 1.00}
Run 858: {Accuracy: 1.00, Precision: 1.00, Recall: 1.00}
Run 859: {Accuracy: 1.00, Precision: 1.00, Recall: 1.00}
----------------836/860----------------

Run 860: {Accuracy: 1.00, Precision: 1.00, Recall: 1.00}
Run 861: {Accuracy: 1.00, Precision: 1.00, Recall: 1.00}
Run 862: {Accuracy: 0.75, Precision: 0.00, Recall: NaN}
Run 863: {Accuracy: 1.00, Precision: 1.00, Recall: 1.00}
Run 864: {Accuracy: 1.00, Precision: 1.00, Recall: 1.00}
Run 865: {Accuracy: 1.00, Precision: 1.00, Recall: 1.00}
Run 866: {Accuracy: 1.00, Precision: NaN, Recall: NaN}
Run 867: {Accuracy: 1.00, Precision: NaN, Recall: NaN}
Run 868: {Accuracy: 1.00, Precision: NaN, Recall: NaN}
Run 869: {Accuracy: 1.00, Precision: 1.00, Recall: 1.00}
----------------845/870----------------

Run 870: {Accuracy: 1.00, Precision: 1.00, Recall: 1.00}
Run 871: {Accuracy: 1.00, Precision: 1.00, Recall: 1.00}
Run 872: {Accuracy: 1.00, Precision: 1.00, Recall: 1.00}
Run 873: {Accuracy: 1.00, Precision: NaN, Recall: NaN}
Run 874: {Accuracy: 1.00, Precision: 1.00, Recall: 1.00}
Run 875: {Accuracy: 0.67, Precision: NaN, Recall: 0.00}
Run 876: {Accuracy: 1.00, Precision: 1.00, Recall: 1.00}
Run 877: {Accuracy: 1.00, Precision: NaN, Recall: NaN}
Run 878: {Accuracy: 1.00, Precision: 1.00, Recall: 1.00}
Run 879: {Accuracy: 1.00, Precision: 1.00, Recall: 1.00}
----------------854/880----------------

Run 880: {Accuracy: 1.00, Precision: 1.00, Recall: 1.00}
Run 881: {Accuracy: 1.00, Precision: 1.00, Recall: 1.00}
Run 882: {Accuracy: 1.00, Precision: NaN, Recall: NaN}
Run 883: {Accuracy: 1.00, Precision: 1.00, Recall: 1.00}
Run 884: {Accuracy: 1.00, Precision: 1.00, Recall: 1.00}
Run 885: {Accuracy: 1.00, Precision: 1.00, Recall: 1.00}
Run 886: {Accuracy: 1.00, Precision: NaN, Recall: NaN}
Run 887: {Accuracy: 1.00, Precision: NaN, Recall: NaN}
Run 888: {Accuracy: 1.00, Precision: 1.00, Recall: 1.00}
Run 889: {Accuracy: 1.00, Precision: NaN, Recall: NaN}
----------------864/890----------------

Run 890: {Accuracy: 1.00, Precision: NaN, Recall: NaN}
Run 891: {Accuracy: 1.00, Precision: NaN, Recall: NaN}
Run 892: {Accuracy: 1.00, Precision: 1.00, Recall: 1.00}
Run 893: {Accuracy: 1.00, Precision: 1.00, Recall: 1.00}
Run 894: {Accuracy: 1.00, Precision: 1.00, Recall: 1.00}
Run 895: {Accuracy: 1.00, Precision: 1.00, Recall: 1.00}
Run 896: {Accuracy: 1.00, Precision: 1.00, Recall: 1.00}
Run 897: {Accuracy: 1.00, Precision: NaN, Recall: NaN}
Run 898: {Accuracy: 1.00, Precision: 1.00, Recall: 1.00}
Run 899: {Accuracy: 1.00, Precision: NaN, Recall: NaN}
----------------874/900----------------

Run 900: {Accuracy: 1.00, Precision: NaN, Recall: NaN}
Run 901: {Accuracy: 1.00, Precision: 1.00, Recall: 1.00}
Run 902: {Accuracy: 1.00, Precision: NaN, Recall: NaN}
Run 903: {Accuracy: 1.00, Precision: NaN, Recall: NaN}
Run 904: {Accuracy: 1.00, Precision: 1.00, Recall: 1.00}
Run 905: {Accuracy: 1.00, Precision: 1.00, Recall: 1.00}
Run 906: {Accuracy: 1.00, Precision: 1.00, Recall: 1.00}
Run 907: {Accuracy: 1.00, Precision: 1.00, Recall: 1.00}
Run 908: {Accuracy: 1.00, Precision: NaN, Recall: NaN}
Run 909: {Accuracy: 1.00, Precision: 1.00, Recall: 1.00}
----------------884/910----------------

Run 910: {Accuracy: 1.00, Precision: NaN, Recall: NaN}
Run 911: {Accuracy: 1.00, Precision: NaN, Recall: NaN}
Run 912: {Accuracy: 1.00, Precision: 1.00, Recall: 1.00}
Run 913: {Accuracy: 1.00, Precision: 1.00, Recall: 1.00}
Run 914: {Accuracy: 1.00, Precision: NaN, Recall: NaN}
Run 915: {Accuracy: 1.00, Precision: 1.00, Recall: 1.00}
Run 916: {Accuracy: 1.00, Precision: NaN, Recall: NaN}
Run 917: {Accuracy: 1.00, Precision: NaN, Recall: NaN}
Run 918: {Accuracy: 1.00, Precision: 1.00, Recall: 1.00}
Run 919: {Accuracy: 1.00, Precision: 1.00, Recall: 1.00}
----------------894/920----------------

Run 920: {Accuracy: 1.00, Precision: 1.00, Recall: 1.00}
Run 921: {Accuracy: 1.00, Precision: NaN, Recall: NaN}
Run 922: {Accuracy: 1.00, Precision: 1.00, Recall: 1.00}
Run 923: {Accuracy: 1.00, Precision: 1.00, Recall: 1.00}
Run 924: {Accuracy: 1.00, Precision: 0.00, Recall: NaN}
Run 925: {Accuracy: 1.00, Precision: NaN, Recall: NaN}
Run 926: {Accuracy: 1.00, Precision: 1.00, Recall: 1.00}
Run 927: {Accuracy: 1.00, Precision: 1.00, Recall: 1.00}
Run 928: {Accuracy: 1.00, Precision: 1.00, Recall: 1.00}
Run 929: {Accuracy: 1.00, Precision: 1.00, Recall: 1.00}
----------------904/930----------------

Run 930: {Accuracy: 1.00, Precision: 1.00, Recall: 1.00}
Run 931: {Accuracy: 1.00, Precision: 1.00, Recall: 1.00}
Run 932: {Accuracy: 1.00, Precision: 1.00, Recall: 1.00}
Run 933: {Accuracy: 1.00, Precision: 1.00, Recall: 1.00}
Run 934: {Accuracy: 1.00, Precision: 1.00, Recall: 1.00}
Run 935: {Accuracy: 1.00, Precision: 1.00, Recall: 1.00}
Run 936: {Accuracy: 1.00, Precision: 1.00, Recall: 1.00}
Run 937: {Accuracy: 1.00, Precision: 1.00, Recall: 1.00}
Run 938: {Accuracy: 1.00, Precision: 1.00, Recall: 1.00}
Run 939: {Accuracy: 1.00, Precision: NaN, Recall: NaN}
----------------914/940----------------

Run 940: {Accuracy: 1.00, Precision: 1.00, Recall: 1.00}
Run 941: {Accuracy: 1.00, Precision: 1.00, Recall: 1.00}
Run 942: {Accuracy: 1.00, Precision: NaN, Recall: NaN}
Run 943: {Accuracy: 1.00, Precision: 1.00, Recall: 1.00}
Run 944: {Accuracy: 1.00, Precision: 1.00, Recall: 1.00}
Run 945: {Accuracy: 1.00, Precision: 1.00, Recall: 1.00}
Run 946: {Accuracy: 1.00, Precision: 1.00, Recall: 1.00}
Run 947: {Accuracy: 1.00, Precision: NaN, Recall: NaN}
Run 948: {Accuracy: 1.00, Precision: 1.00, Recall: 1.00}
Run 949: {Accuracy: 1.00, Precision: 1.00, Recall: 1.00}
----------------924/950----------------

Run 950: {Accuracy: 1.00, Precision: 1.00, Recall: 1.00}
Run 951: {Accuracy: 1.00, Precision: 1.00, Recall: 1.00}
Run 952: {Accuracy: 1.00, Precision: NaN, Recall: NaN}
Run 953: {Accuracy: 1.00, Precision: NaN, Recall: NaN}
Run 954: {Accuracy: 1.00, Precision: 1.00, Recall: 1.00}
Run 955: {Accuracy: 1.00, Precision: NaN, Recall: NaN}
Run 956: {Accuracy: 1.00, Precision: 1.00, Recall: 1.00}
Run 957: {Accuracy: 1.00, Precision: 1.00, Recall: 1.00}
Run 958: {Accuracy: 1.00, Precision: NaN, Recall: NaN}
Run 959: {Accuracy: 1.00, Precision: 1.00, Recall: 1.00}
----------------934/960----------------

Run 960: {Accuracy: 1.00, Precision: 1.00, Recall: 1.00}
Run 961: {Accuracy: 1.00, Precision: 1.00, Recall: 1.00}
Run 962: {Accuracy: 1.00, Precision: 1.00, Recall: 1.00}
Run 963: {Accuracy: 1.00, Precision: 1.00, Recall: 1.00}
Run 964: {Accuracy: 1.00, Precision: NaN, Recall: NaN}
Run 965: {Accuracy: 1.00, Precision: 1.00, Recall: 1.00}
Run 966: {Accuracy: 0.20, Precision: 0.00, Recall: 0.00}
Run 967: {Accuracy: 1.00, Precision: NaN, Recall: NaN}
Run 968: {Accuracy: 1.00, Precision: 1.00, Recall: 1.00}
Run 969: {Accuracy: 1.00, Precision: 1.00, Recall: 1.00}
----------------943/970----------------

Run 970: {Accuracy: 1.00, Precision: 1.00, Recall: 1.00}
Run 971: {Accuracy: 0.80, Precision: 0.00, Recall: 0.00}
Run 972: {Accuracy: 1.00, Precision: NaN, Recall: NaN}
Run 973: {Accuracy: 1.00, Precision: 1.00, Recall: 1.00}
Run 974: {Accuracy: 1.00, Precision: NaN, Recall: NaN}
Run 975: {Accuracy: 1.00, Precision: 1.00, Recall: 1.00}
Run 976: {Accuracy: 1.00, Precision: 1.00, Recall: 1.00}
Run 977: {Accuracy: 1.00, Precision: 1.00, Recall: 1.00}
Run 978: {Accuracy: 1.00, Precision: NaN, Recall: NaN}
Run 979: {Accuracy: 1.00, Precision: NaN, Recall: NaN}
----------------952/980----------------

Run 980: {Accuracy: 1.00, Precision: NaN, Recall: NaN}
Run 981: {Accuracy: 1.00, Precision: 1.00, Recall: 1.00}
Run 982: {Accuracy: 1.00, Precision: 1.00, Recall: 1.00}
Run 983: {Accuracy: 1.00, Precision: 1.00, Recall: 1.00}
Run 984: {Accuracy: 1.00, Precision: 1.00, Recall: 1.00}
Run 985: {Accuracy: 1.00, Precision: NaN, Recall: NaN}
Run 986: {Accuracy: 1.00, Precision: NaN, Recall: NaN}
Run 987: {Accuracy: 1.00, Precision: 1.00, Recall: 1.00}
Run 988: {Accuracy: 1.00, Precision: 1.00, Recall: 1.00}
Run 989: {Accuracy: 1.00, Precision: 1.00, Recall: 1.00}
----------------962/990----------------

Run 990: {Accuracy: 1.00, Precision: 1.00, Recall: 1.00}
Run 991: {Accuracy: 1.00, Precision: 1.00, Recall: 1.00}
Run 992: {Accuracy: 1.00, Precision: 1.00, Recall: 1.00}
Run 993: {Accuracy: 1.00, Precision: 1.00, Recall: 1.00}
Run 994: {Accuracy: 1.00, Precision: 1.00, Recall: 1.00}
Run 995: {Accuracy: 1.00, Precision: 1.00, Recall: 1.00}
Run 996: {Accuracy: 1.00, Precision: 1.00, Recall: 1.00}
Run 997: {Accuracy: 1.00, Precision: 1.00, Recall: 1.00}
Run 998: {Accuracy: 1.00, Precision: 1.00, Recall: 1.00}
Run 999: {Accuracy: 1.00, Precision: NaN, Recall: NaN}
----------------972/1000----------------

----------------972/1000----------------

