trained model (8B-Instruct without reason):
Querying: 100%|██████████████████████████████████████████████| 1000/1000 [22:10<00:00,  1.33s/it, # Correct: 130, # Error: 179, Accuracy: 48.64%, Precision: 31.51%, Recall: 23.30%]
Correct: 130
Incorrect, Valid: 691
Error: 179

Weekday Stats:
Correct: 128/130 = 98.46%
Incorrect: 680/691 = 98.41%
Total: 808/821 = 98.42%

Accuracy = 48.64% / 0.821 = 59.24% (Accuracy included erroneous items)
Precision = 31.51%
Recall = 23.30%

.      | true +  | true -  | total
-------+---------+---------+---------
.  +   |  7.458% | 16.210% | 23.668%
-------+---------+---------+---------
.  -   | 24.550% | 51.782% | 76.332%
-------+---------+---------+---------
.total | 32.008% | 67.992% | 100.00%

Note: basically independent (true/false is essentially not trained, need more output on this end, achieved with with_reason. will bring stats)

.     a11 +       a12 +       a21 +       a22 = 1      <-- total
0.6849a11 - 0.3151a12                         = 0      <-- precision
0.7670a11             - 0.2330a21             = 0      <-- recall
.     a11                         +       a22 = 0.5924 <-- accuracy


8B-Instruct
Querying: 100%|███████████████████████████████████████████████| 1000/1000 [34:14<00:00,  2.05s/it, # Correct: 116, # Error: 32, Accuracy: 53.19%, Precision: 35.19%, Recall: 57.92%]
Correct: 116
Incorrect, Valid: 852
Error: 32

Weekday Stats:
Correct: 70/116 = 60.34%
Incorrect: 490/852 = 57.58%
Total: 560/938 = 59.70%

Accuracy = 53.19% / 0.938 = 56.71%
Precision = 35.19%
Recall = 57.92%

.      | true +  | true -  | total
-------+---------+---------+---------
.  +   | 16.856% | 31.044% | 47.900%
-------+---------+---------+---------
.  -   | 12.246% | 39.854% | 52.100%
-------+---------+---------+---------
.total | 29.102% | 70.898% | 100.00%

Note: not independent, but horrible score and close to it (hypothesis: there is noise due to the large amount of error in weekday recognition.)
.     possible evidence: the labels are almost 50/50


.     a11 +       a12 +       a21 +       a22 = 1      <-- total
0.6481a11 - 0.3519a12                         = 0      <-- precision
0.4208a11             - 0.5792a21             = 0      <-- recall
.     a11                         +       a22 = 0.5671 <-- accuracy


8B (simply errors too often, not included)